<?xml version="1.0" encoding="UTF-8"?>
<testng-results ignored="0" total="1" passed="1" failed="0" skipped="0">
  <reporter-output>
  </reporter-output>
  <suite started-at="2022-11-22T16:40:26 IST" name="OrangeHRM Automation test suite" finished-at="2022-11-22T16:41:09 IST" duration-ms="42957">
    <groups>
    </groups>
    <test started-at="2022-11-22T16:40:26 IST" name="OrangeHRM test" finished-at="2022-11-22T16:41:09 IST" duration-ms="42957">
      <class name="OrangeHRM.TestCases.test">
        <test-method signature="Orangehrmtest()[pri:0, instance:OrangeHRM.TestCases.test@481a996b]" started-at="2022-11-22T16:40:26 IST" name="Orangehrmtest" finished-at="2022-11-22T16:41:09 IST" duration-ms="42560" status="PASS">
          <reporter-output>
          </reporter-output>
        </test-method> <!-- Orangehrmtest -->
        <test-method is-config="true" signature="close()[pri:0, instance:OrangeHRM.TestCases.test@481a996b]" started-at="2022-11-22T16:41:09 IST" name="close" finished-at="2022-11-22T16:41:09 IST" duration-ms="344" status="PASS">
          <reporter-output>
          </reporter-output>
        </test-method> <!-- close -->
      </class> <!-- OrangeHRM.TestCases.test -->
    </test> <!-- OrangeHRM test -->
  </suite> <!-- OrangeHRM Automation test suite -->
</testng-results>
