<?xml version="1.0" encoding="UTF-8"?>
<testng-results ignored="0" total="1" passed="1" failed="0" skipped="0">
  <reporter-output>
  </reporter-output>
  <suite started-at="2022-11-22T00:14:15 IST" name="Default suite" finished-at="2022-11-22T00:14:40 IST" duration-ms="24673">
    <groups>
    </groups>
    <test started-at="2022-11-22T00:14:15 IST" name="Default test" finished-at="2022-11-22T00:14:40 IST" duration-ms="24673">
      <class name="OrangeHRM.TestCases.test">
        <test-method signature="Orangehrmtest()[pri:0, instance:OrangeHRM.TestCases.test@55183b20]" started-at="2022-11-22T00:14:15 IST" name="Orangehrmtest" finished-at="2022-11-22T00:14:40 IST" duration-ms="24500" status="PASS">
          <reporter-output>
          </reporter-output>
        </test-method> <!-- Orangehrmtest -->
        <test-method is-config="true" signature="close()[pri:0, instance:OrangeHRM.TestCases.test@55183b20]" started-at="2022-11-22T00:14:40 IST" name="close" finished-at="2022-11-22T00:14:40 IST" duration-ms="133" status="PASS">
          <reporter-output>
          </reporter-output>
        </test-method> <!-- close -->
      </class> <!-- OrangeHRM.TestCases.test -->
    </test> <!-- Default test -->
  </suite> <!-- Default suite -->
</testng-results>
